<?xml version="1.0" encoding="UTF-8"?>
<!-- Generated by org.testng.reporters.JUnitReportReporter -->
<testsuite hostname="SHAKIR-PC" failures="0" tests="1" name="TestCaseFile.TestCase" time="5.094" errors="0" timestamp="2024-05-11T13:00:07 IST" skipped="0">
  <testcase classname="TestCaseFile.TestCase" name="OpenUrl" time="5.094"/>
</testsuite> <!-- TestCaseFile.TestCase -->
